{"C:\\Users\\sonik\\OneDrive\\Documents\\git_workspace\\Sportify\\src\\App.js": {"path":"C:\\Users\\sonik\\OneDrive\\Documents\\git_workspace\\Sportify\\src\\App.js","statementMap":{"0":{"start":{"line":13,"column":2},"end":{"line":27,"column":4}}},"fnMap":{"0":{"name":"App","decl":{"start":{"line":12,"column":9},"end":{"line":12,"column":12}},"loc":{"start":{"line":12,"column":15},"end":{"line":28,"column":1}},"line":12}},"branchMap":{},"s":{"0":1},"f":{"0":1},"b":{},"_coverageSchema":"1a1c01bbd47fc00a2c39e90264f33305004495a9","hash":"516a8d5d0a895ee73743b68a29fa934a42489411"}
,"C:\\Users\\sonik\\OneDrive\\Documents\\git_workspace\\Sportify\\src\\pages\\Forgotpass.js": {"path":"C:\\Users\\sonik\\OneDrive\\Documents\\git_workspace\\Sportify\\src\\pages\\Forgotpass.js","statementMap":{"0":{"start":{"line":6,"column":21},"end":{"line":6,"column":34}},"1":{"start":{"line":7,"column":30},"end":{"line":7,"column":42}},"2":{"start":{"line":9,"column":32},"end":{"line":13,"column":5}},"3":{"start":{"line":10,"column":8},"end":{"line":10,"column":27}},"4":{"start":{"line":11,"column":8},"end":{"line":11,"column":50}},"5":{"start":{"line":12,"column":8},"end":{"line":12,"column":66}},"6":{"start":{"line":15,"column":4},"end":{"line":54,"column":6}},"7":{"start":{"line":38,"column":45},"end":{"line":38,"column":69}},"8":{"start":{"line":43,"column":91},"end":{"line":43,"column":109}}},"fnMap":{"0":{"name":"Forgotpass","decl":{"start":{"line":5,"column":24},"end":{"line":5,"column":34}},"loc":{"start":{"line":5,"column":37},"end":{"line":55,"column":1}},"line":5},"1":{"name":"(anonymous_1)","decl":{"start":{"line":9,"column":32},"end":{"line":9,"column":33}},"loc":{"start":{"line":9,"column":39},"end":{"line":13,"column":5}},"line":9},"2":{"name":"(anonymous_2)","decl":{"start":{"line":38,"column":38},"end":{"line":38,"column":39}},"loc":{"start":{"line":38,"column":45},"end":{"line":38,"column":69}},"line":38},"3":{"name":"(anonymous_3)","decl":{"start":{"line":43,"column":85},"end":{"line":43,"column":86}},"loc":{"start":{"line":43,"column":91},"end":{"line":43,"column":109}},"line":43}},"branchMap":{},"s":{"0":6,"1":6,"2":6,"3":1,"4":1,"5":1,"6":6,"7":2,"8":1},"f":{"0":6,"1":1,"2":2,"3":1},"b":{},"_coverageSchema":"1a1c01bbd47fc00a2c39e90264f33305004495a9","hash":"a257243e906eb84c116af096d5757432a89f20db"}
,"C:\\Users\\sonik\\OneDrive\\Documents\\git_workspace\\Sportify\\src\\pages\\Home.js": {"path":"C:\\Users\\sonik\\OneDrive\\Documents\\git_workspace\\Sportify\\src\\pages\\Home.js","statementMap":{"0":{"start":{"line":6,"column":21},"end":{"line":6,"column":34}},"1":{"start":{"line":7,"column":4},"end":{"line":70,"column":6}},"2":{"start":{"line":29,"column":118},"end":{"line":29,"column":135}},"3":{"start":{"line":32,"column":118},"end":{"line":32,"column":138}},"4":{"start":{"line":33,"column":128},"end":{"line":33,"column":146}}},"fnMap":{"0":{"name":"Home","decl":{"start":{"line":5,"column":24},"end":{"line":5,"column":28}},"loc":{"start":{"line":5,"column":31},"end":{"line":71,"column":1}},"line":5},"1":{"name":"(anonymous_1)","decl":{"start":{"line":29,"column":112},"end":{"line":29,"column":113}},"loc":{"start":{"line":29,"column":118},"end":{"line":29,"column":135}},"line":29},"2":{"name":"(anonymous_2)","decl":{"start":{"line":32,"column":112},"end":{"line":32,"column":113}},"loc":{"start":{"line":32,"column":118},"end":{"line":32,"column":138}},"line":32},"3":{"name":"(anonymous_3)","decl":{"start":{"line":33,"column":122},"end":{"line":33,"column":123}},"loc":{"start":{"line":33,"column":128},"end":{"line":33,"column":146}},"line":33}},"branchMap":{},"s":{"0":0,"1":0,"2":0,"3":0,"4":0},"f":{"0":0,"1":0,"2":0,"3":0},"b":{},"_coverageSchema":"1a1c01bbd47fc00a2c39e90264f33305004495a9","hash":"b5287d240781426cfd1936b235d94dc6e2c74ae2"}
,"C:\\Users\\sonik\\OneDrive\\Documents\\git_workspace\\Sportify\\src\\pages\\Login.js": {"path":"C:\\Users\\sonik\\OneDrive\\Documents\\git_workspace\\Sportify\\src\\pages\\Login.js","statementMap":{"0":{"start":{"line":6,"column":21},"end":{"line":6,"column":34}},"1":{"start":{"line":8,"column":4},"end":{"line":45,"column":6}},"2":{"start":{"line":31,"column":72},"end":{"line":31,"column":89}},"3":{"start":{"line":36,"column":59},"end":{"line":36,"column":80}},"4":{"start":{"line":39,"column":49},"end":{"line":39,"column":72}}},"fnMap":{"0":{"name":"Login","decl":{"start":{"line":5,"column":24},"end":{"line":5,"column":29}},"loc":{"start":{"line":5,"column":32},"end":{"line":46,"column":1}},"line":5},"1":{"name":"(anonymous_1)","decl":{"start":{"line":31,"column":66},"end":{"line":31,"column":67}},"loc":{"start":{"line":31,"column":72},"end":{"line":31,"column":89}},"line":31},"2":{"name":"(anonymous_2)","decl":{"start":{"line":36,"column":53},"end":{"line":36,"column":54}},"loc":{"start":{"line":36,"column":59},"end":{"line":36,"column":80}},"line":36},"3":{"name":"(anonymous_3)","decl":{"start":{"line":39,"column":43},"end":{"line":39,"column":44}},"loc":{"start":{"line":39,"column":49},"end":{"line":39,"column":72}},"line":39}},"branchMap":{},"s":{"0":5,"1":5,"2":1,"3":1,"4":1},"f":{"0":5,"1":1,"2":1,"3":1},"b":{},"_coverageSchema":"1a1c01bbd47fc00a2c39e90264f33305004495a9","hash":"b6a7a504b6dbe571335eb6abf4925a4bb811e295"}
,"C:\\Users\\sonik\\OneDrive\\Documents\\git_workspace\\Sportify\\src\\pages\\Main.js": {"path":"C:\\Users\\sonik\\OneDrive\\Documents\\git_workspace\\Sportify\\src\\pages\\Main.js","statementMap":{"0":{"start":{"line":6,"column":19},"end":{"line":6,"column":32}},"1":{"start":{"line":8,"column":2},"end":{"line":56,"column":4}},"2":{"start":{"line":31,"column":108},"end":{"line":31,"column":125}},"3":{"start":{"line":33,"column":118},"end":{"line":33,"column":136}},"4":{"start":{"line":34,"column":118},"end":{"line":34,"column":139}},"5":{"start":{"line":50,"column":95},"end":{"line":50,"column":116}}},"fnMap":{"0":{"name":"Main","decl":{"start":{"line":5,"column":24},"end":{"line":5,"column":28}},"loc":{"start":{"line":5,"column":31},"end":{"line":58,"column":1}},"line":5},"1":{"name":"(anonymous_1)","decl":{"start":{"line":31,"column":102},"end":{"line":31,"column":103}},"loc":{"start":{"line":31,"column":108},"end":{"line":31,"column":125}},"line":31},"2":{"name":"(anonymous_2)","decl":{"start":{"line":33,"column":112},"end":{"line":33,"column":113}},"loc":{"start":{"line":33,"column":118},"end":{"line":33,"column":136}},"line":33},"3":{"name":"(anonymous_3)","decl":{"start":{"line":34,"column":112},"end":{"line":34,"column":113}},"loc":{"start":{"line":34,"column":118},"end":{"line":34,"column":139}},"line":34},"4":{"name":"(anonymous_4)","decl":{"start":{"line":50,"column":89},"end":{"line":50,"column":90}},"loc":{"start":{"line":50,"column":95},"end":{"line":50,"column":116}},"line":50}},"branchMap":{},"s":{"0":6,"1":6,"2":1,"3":1,"4":2,"5":0},"f":{"0":6,"1":1,"2":1,"3":2,"4":0},"b":{},"_coverageSchema":"1a1c01bbd47fc00a2c39e90264f33305004495a9","hash":"a96a21297ee1a67618d98665d9d85dfabb683e9d"}
,"C:\\Users\\sonik\\OneDrive\\Documents\\git_workspace\\Sportify\\src\\pages\\Profile.js": {"path":"C:\\Users\\sonik\\OneDrive\\Documents\\git_workspace\\Sportify\\src\\pages\\Profile.js","statementMap":{"0":{"start":{"line":7,"column":21},"end":{"line":7,"column":34}},"1":{"start":{"line":8,"column":36},"end":{"line":14,"column":6}},"2":{"start":{"line":16,"column":44},"end":{"line":16,"column":59}},"3":{"start":{"line":18,"column":26},"end":{"line":18,"column":95}},"4":{"start":{"line":21,"column":25},"end":{"line":24,"column":5}},"5":{"start":{"line":22,"column":32},"end":{"line":22,"column":40}},"6":{"start":{"line":23,"column":8},"end":{"line":23,"column":52}},"7":{"start":{"line":27,"column":31},"end":{"line":33,"column":5}},"8":{"start":{"line":28,"column":30},"end":{"line":30,"column":41}},"9":{"start":{"line":29,"column":44},"end":{"line":29,"column":55}},"10":{"start":{"line":32,"column":8},"end":{"line":32,"column":60}},"11":{"start":{"line":36,"column":25},"end":{"line":40,"column":5}},"12":{"start":{"line":37,"column":8},"end":{"line":37,"column":27}},"13":{"start":{"line":38,"column":8},"end":{"line":38,"column":47}},"14":{"start":{"line":39,"column":8},"end":{"line":39,"column":26}},"15":{"start":{"line":42,"column":4},"end":{"line":132,"column":6}},"16":{"start":{"line":103,"column":43},"end":{"line":103,"column":73}},"17":{"start":{"line":110,"column":36},"end":{"line":117,"column":44}},"18":{"start":{"line":114,"column":60},"end":{"line":114,"column":85}},"19":{"start":{"line":125,"column":70},"end":{"line":125,"column":87}}},"fnMap":{"0":{"name":"Profile","decl":{"start":{"line":6,"column":24},"end":{"line":6,"column":31}},"loc":{"start":{"line":6,"column":34},"end":{"line":133,"column":1}},"line":6},"1":{"name":"(anonymous_1)","decl":{"start":{"line":21,"column":25},"end":{"line":21,"column":26}},"loc":{"start":{"line":21,"column":32},"end":{"line":24,"column":5}},"line":21},"2":{"name":"(anonymous_2)","decl":{"start":{"line":27,"column":31},"end":{"line":27,"column":32}},"loc":{"start":{"line":27,"column":42},"end":{"line":33,"column":5}},"line":27},"3":{"name":"(anonymous_3)","decl":{"start":{"line":29,"column":37},"end":{"line":29,"column":38}},"loc":{"start":{"line":29,"column":44},"end":{"line":29,"column":55}},"line":29},"4":{"name":"(anonymous_4)","decl":{"start":{"line":36,"column":25},"end":{"line":36,"column":26}},"loc":{"start":{"line":36,"column":32},"end":{"line":40,"column":5}},"line":36},"5":{"name":"(anonymous_5)","decl":{"start":{"line":103,"column":37},"end":{"line":103,"column":38}},"loc":{"start":{"line":103,"column":43},"end":{"line":103,"column":73}},"line":103},"6":{"name":"(anonymous_6)","decl":{"start":{"line":109,"column":51},"end":{"line":109,"column":52}},"loc":{"start":{"line":110,"column":36},"end":{"line":117,"column":44}},"line":110},"7":{"name":"(anonymous_7)","decl":{"start":{"line":114,"column":54},"end":{"line":114,"column":55}},"loc":{"start":{"line":114,"column":60},"end":{"line":114,"column":85}},"line":114},"8":{"name":"(anonymous_8)","decl":{"start":{"line":125,"column":64},"end":{"line":125,"column":65}},"loc":{"start":{"line":125,"column":70},"end":{"line":125,"column":87}},"line":125}},"branchMap":{"0":{"loc":{"start":{"line":28,"column":30},"end":{"line":30,"column":41}},"type":"cond-expr","locations":[{"start":{"line":29,"column":14},"end":{"line":29,"column":56}},{"start":{"line":30,"column":14},"end":{"line":30,"column":41}}],"line":28},"1":{"loc":{"start":{"line":107,"column":25},"end":{"line":120,"column":25}},"type":"binary-expr","locations":[{"start":{"line":107,"column":25},"end":{"line":107,"column":37}},{"start":{"line":108,"column":28},"end":{"line":119,"column":34}}],"line":107}},"s":{"0":15,"1":15,"2":15,"3":15,"4":15,"5":4,"6":4,"7":15,"8":2,"9":1,"10":2,"11":15,"12":0,"13":0,"14":0,"15":15,"16":3,"17":24,"18":2,"19":1},"f":{"0":15,"1":4,"2":2,"3":1,"4":0,"5":3,"6":24,"7":2,"8":1},"b":{"0":[1,1],"1":[15,4]},"_coverageSchema":"1a1c01bbd47fc00a2c39e90264f33305004495a9","hash":"3e4d7cceed6c59aa93996874ea8d39ff9c5cf025"}
,"C:\\Users\\sonik\\OneDrive\\Documents\\git_workspace\\Sportify\\src\\pages\\Register.js": {"path":"C:\\Users\\sonik\\OneDrive\\Documents\\git_workspace\\Sportify\\src\\pages\\Register.js","statementMap":{"0":{"start":{"line":5,"column":19},"end":{"line":5,"column":32}},"1":{"start":{"line":6,"column":28},"end":{"line":6,"column":40}},"2":{"start":{"line":7,"column":34},"end":{"line":7,"column":46}},"3":{"start":{"line":8,"column":48},"end":{"line":8,"column":60}},"4":{"start":{"line":9,"column":38},"end":{"line":9,"column":50}},"5":{"start":{"line":10,"column":44},"end":{"line":10,"column":56}},"6":{"start":{"line":11,"column":58},"end":{"line":11,"column":70}},"7":{"start":{"line":13,"column":24},"end":{"line":16,"column":3}},"8":{"start":{"line":14,"column":23},"end":{"line":14,"column":73}},"9":{"start":{"line":15,"column":4},"end":{"line":15,"column":34}},"10":{"start":{"line":17,"column":28},"end":{"line":27,"column":3}},"11":{"start":{"line":18,"column":21},"end":{"line":18,"column":35}},"12":{"start":{"line":19,"column":4},"end":{"line":19,"column":23}},"13":{"start":{"line":22,"column":4},"end":{"line":26,"column":5}},"14":{"start":{"line":23,"column":6},"end":{"line":23,"column":59}},"15":{"start":{"line":25,"column":6},"end":{"line":25,"column":24}},"16":{"start":{"line":28,"column":27},"end":{"line":32,"column":3}},"17":{"start":{"line":30,"column":6},"end":{"line":30,"column":76}},"18":{"start":{"line":31,"column":4},"end":{"line":31,"column":40}},"19":{"start":{"line":33,"column":31},"end":{"line":44,"column":3}},"20":{"start":{"line":34,"column":24},"end":{"line":34,"column":38}},"21":{"start":{"line":35,"column":4},"end":{"line":35,"column":29}},"22":{"start":{"line":37,"column":4},"end":{"line":43,"column":5}},"23":{"start":{"line":38,"column":6},"end":{"line":40,"column":8}},"24":{"start":{"line":42,"column":6},"end":{"line":42,"column":27}},"25":{"start":{"line":47,"column":38},"end":{"line":56,"column":3}},"26":{"start":{"line":48,"column":31},"end":{"line":48,"column":45}},"27":{"start":{"line":49,"column":4},"end":{"line":49,"column":43}},"28":{"start":{"line":51,"column":4},"end":{"line":55,"column":5}},"29":{"start":{"line":52,"column":6},"end":{"line":52,"column":57}},"30":{"start":{"line":54,"column":6},"end":{"line":54,"column":34}},"31":{"start":{"line":58,"column":21},"end":{"line":60,"column":44}},"32":{"start":{"line":61,"column":2},"end":{"line":139,"column":4}},"33":{"start":{"line":129,"column":144},"end":{"line":129,"column":163}},"34":{"start":{"line":129,"column":164},"end":{"line":129,"column":184}}},"fnMap":{"0":{"name":"Register","decl":{"start":{"line":4,"column":24},"end":{"line":4,"column":32}},"loc":{"start":{"line":4,"column":35},"end":{"line":140,"column":1}},"line":4},"1":{"name":"(anonymous_1)","decl":{"start":{"line":13,"column":24},"end":{"line":13,"column":25}},"loc":{"start":{"line":13,"column":35},"end":{"line":16,"column":3}},"line":13},"2":{"name":"(anonymous_2)","decl":{"start":{"line":17,"column":28},"end":{"line":17,"column":29}},"loc":{"start":{"line":17,"column":35},"end":{"line":27,"column":3}},"line":17},"3":{"name":"(anonymous_3)","decl":{"start":{"line":28,"column":27},"end":{"line":28,"column":28}},"loc":{"start":{"line":28,"column":41},"end":{"line":32,"column":3}},"line":28},"4":{"name":"(anonymous_4)","decl":{"start":{"line":33,"column":31},"end":{"line":33,"column":32}},"loc":{"start":{"line":33,"column":38},"end":{"line":44,"column":3}},"line":33},"5":{"name":"(anonymous_5)","decl":{"start":{"line":47,"column":38},"end":{"line":47,"column":39}},"loc":{"start":{"line":47,"column":45},"end":{"line":56,"column":3}},"line":47},"6":{"name":"(anonymous_6)","decl":{"start":{"line":129,"column":135},"end":{"line":129,"column":136}},"loc":{"start":{"line":129,"column":142},"end":{"line":129,"column":186}},"line":129}},"branchMap":{"0":{"loc":{"start":{"line":22,"column":4},"end":{"line":26,"column":5}},"type":"if","locations":[{"start":{"line":22,"column":4},"end":{"line":26,"column":5}},{"start":{"line":24,"column":11},"end":{"line":26,"column":5}}],"line":22},"1":{"loc":{"start":{"line":37,"column":4},"end":{"line":43,"column":5}},"type":"if","locations":[{"start":{"line":37,"column":4},"end":{"line":43,"column":5}},{"start":{"line":41,"column":11},"end":{"line":43,"column":5}}],"line":37},"2":{"loc":{"start":{"line":51,"column":4},"end":{"line":55,"column":5}},"type":"if","locations":[{"start":{"line":51,"column":4},"end":{"line":55,"column":5}},{"start":{"line":53,"column":11},"end":{"line":55,"column":5}}],"line":51},"3":{"loc":{"start":{"line":58,"column":21},"end":{"line":60,"column":44}},"type":"binary-expr","locations":[{"start":{"line":58,"column":21},"end":{"line":58,"column":27}},{"start":{"line":58,"column":31},"end":{"line":58,"column":41}},{"start":{"line":59,"column":4},"end":{"line":59,"column":13}},{"start":{"line":59,"column":17},"end":{"line":59,"column":30}},{"start":{"line":60,"column":4},"end":{"line":60,"column":20}},{"start":{"line":60,"column":24},"end":{"line":60,"column":44}}],"line":58},"4":{"loc":{"start":{"line":96,"column":27},"end":{"line":96,"column":129}},"type":"binary-expr","locations":[{"start":{"line":96,"column":27},"end":{"line":96,"column":37}},{"start":{"line":96,"column":41},"end":{"line":96,"column":129}}],"line":96},"5":{"loc":{"start":{"line":112,"column":23},"end":{"line":112,"column":130}},"type":"binary-expr","locations":[{"start":{"line":112,"column":23},"end":{"line":112,"column":36}},{"start":{"line":112,"column":40},"end":{"line":112,"column":130}}],"line":112},"6":{"loc":{"start":{"line":124,"column":27},"end":{"line":124,"column":149}},"type":"binary-expr","locations":[{"start":{"line":124,"column":27},"end":{"line":124,"column":47}},{"start":{"line":124,"column":51},"end":{"line":124,"column":149}}],"line":124}},"s":{"0":15,"1":15,"2":15,"3":15,"4":15,"5":15,"6":15,"7":15,"8":3,"9":3,"10":15,"11":3,"12":3,"13":3,"14":1,"15":2,"16":15,"17":4,"18":4,"19":15,"20":4,"21":4,"22":4,"23":1,"24":3,"25":15,"26":3,"27":3,"28":3,"29":1,"30":2,"31":15,"32":15,"33":1,"34":1},"f":{"0":15,"1":3,"2":3,"3":4,"4":4,"5":3,"6":1},"b":{"0":[1,2],"1":[1,3],"2":[1,2],"3":[15,5,4,2,2,1],"4":[15,1],"5":[15,1],"6":[15,1]},"_coverageSchema":"1a1c01bbd47fc00a2c39e90264f33305004495a9","hash":"2002691e1bb0ffd451810a92726582221a1a8801"}
}
