{"C:\\Users\\sonik\\OneDrive\\Documents\\git_workspace\\Sportify\\src\\App.js": {"path":"C:\\Users\\sonik\\OneDrive\\Documents\\git_workspace\\Sportify\\src\\App.js","statementMap":{"0":{"start":{"line":13,"column":2},"end":{"line":28,"column":4}}},"fnMap":{"0":{"name":"App","decl":{"start":{"line":12,"column":9},"end":{"line":12,"column":12}},"loc":{"start":{"line":12,"column":15},"end":{"line":29,"column":1}},"line":12}},"branchMap":{},"s":{"0":1},"f":{"0":1},"b":{},"_coverageSchema":"1a1c01bbd47fc00a2c39e90264f33305004495a9","hash":"0b75b485a5043c693a16b4b0a2f421a2b537720b"}
,"C:\\Users\\sonik\\OneDrive\\Documents\\git_workspace\\Sportify\\src\\api.js": {"path":"C:\\Users\\sonik\\OneDrive\\Documents\\git_workspace\\Sportify\\src\\api.js","statementMap":{"0":{"start":{"line":3,"column":21},"end":{"line":3,"column":47}},"1":{"start":{"line":6,"column":26},"end":{"line":14,"column":1}},"2":{"start":{"line":7,"column":4},"end":{"line":13,"column":5}},"3":{"start":{"line":8,"column":25},"end":{"line":9,"column":32}},"4":{"start":{"line":10,"column":8},"end":{"line":10,"column":29}},"5":{"start":{"line":12,"column":8},"end":{"line":12,"column":80}},"6":{"start":{"line":17,"column":25},"end":{"line":24,"column":1}},"7":{"start":{"line":18,"column":4},"end":{"line":23,"column":5}},"8":{"start":{"line":19,"column":25},"end":{"line":19,"column":92}},"9":{"start":{"line":20,"column":8},"end":{"line":20,"column":29}},"10":{"start":{"line":22,"column":8},"end":{"line":22,"column":79}},"11":{"start":{"line":27,"column":29},"end":{"line":35,"column":1}},"12":{"start":{"line":28,"column":4},"end":{"line":34,"column":5}},"13":{"start":{"line":29,"column":25},"end":{"line":30,"column":24}},"14":{"start":{"line":31,"column":8},"end":{"line":31,"column":29}},"15":{"start":{"line":33,"column":8},"end":{"line":33,"column":83}}},"fnMap":{"0":{"name":"(anonymous_0)","decl":{"start":{"line":6,"column":26},"end":{"line":6,"column":27}},"loc":{"start":{"line":6,"column":53},"end":{"line":14,"column":1}},"line":6},"1":{"name":"(anonymous_1)","decl":{"start":{"line":17,"column":25},"end":{"line":17,"column":26}},"loc":{"start":{"line":17,"column":52},"end":{"line":24,"column":1}},"line":17},"2":{"name":"(anonymous_2)","decl":{"start":{"line":27,"column":29},"end":{"line":27,"column":30}},"loc":{"start":{"line":27,"column":52},"end":{"line":35,"column":1}},"line":27}},"branchMap":{"0":{"loc":{"start":{"line":12,"column":24},"end":{"line":12,"column":77}},"type":"binary-expr","locations":[{"start":{"line":12,"column":24},"end":{"line":12,"column":51}},{"start":{"line":12,"column":55},"end":{"line":12,"column":77}}],"line":12},"1":{"loc":{"start":{"line":22,"column":24},"end":{"line":22,"column":76}},"type":"binary-expr","locations":[{"start":{"line":22,"column":24},"end":{"line":22,"column":51}},{"start":{"line":22,"column":55},"end":{"line":22,"column":76}}],"line":22},"2":{"loc":{"start":{"line":33,"column":24},"end":{"line":33,"column":80}},"type":"binary-expr","locations":[{"start":{"line":33,"column":24},"end":{"line":33,"column":51}},{"start":{"line":33,"column":55},"end":{"line":33,"column":80}}],"line":33}},"s":{"0":4,"1":4,"2":1,"3":1,"4":0,"5":0,"6":4,"7":0,"8":0,"9":0,"10":0,"11":4,"12":0,"13":0,"14":0,"15":0},"f":{"0":1,"1":0,"2":0},"b":{"0":[0,0],"1":[0,0],"2":[0,0]},"_coverageSchema":"1a1c01bbd47fc00a2c39e90264f33305004495a9","hash":"362573f7024ad183718b87ab123732ed9f12c25d"}
,"C:\\Users\\sonik\\OneDrive\\Documents\\git_workspace\\Sportify\\src\\pages\\FindTeams.js": {"path":"C:\\Users\\sonik\\OneDrive\\Documents\\git_workspace\\Sportify\\src\\pages\\FindTeams.js","statementMap":{"0":{"start":{"line":6,"column":21},"end":{"line":6,"column":34}},"1":{"start":{"line":7,"column":42},"end":{"line":7,"column":54}},"2":{"start":{"line":9,"column":18},"end":{"line":14,"column":5}},"3":{"start":{"line":17,"column":26},"end":{"line":20,"column":5}},"4":{"start":{"line":18,"column":8},"end":{"line":19,"column":71}},"5":{"start":{"line":22,"column":4},"end":{"line":58,"column":6}},"6":{"start":{"line":25,"column":51},"end":{"line":25,"column":64}},"7":{"start":{"line":26,"column":58},"end":{"line":26,"column":75}},"8":{"start":{"line":27,"column":58},"end":{"line":27,"column":75}},"9":{"start":{"line":29,"column":58},"end":{"line":29,"column":78}},"10":{"start":{"line":30,"column":68},"end":{"line":30,"column":86}},"11":{"start":{"line":38,"column":37},"end":{"line":38,"column":67}},"12":{"start":{"line":46,"column":24},"end":{"line":51,"column":30}}},"fnMap":{"0":{"name":"FindTeams","decl":{"start":{"line":5,"column":24},"end":{"line":5,"column":33}},"loc":{"start":{"line":5,"column":36},"end":{"line":59,"column":1}},"line":5},"1":{"name":"(anonymous_1)","decl":{"start":{"line":17,"column":39},"end":{"line":17,"column":40}},"loc":{"start":{"line":18,"column":8},"end":{"line":19,"column":71}},"line":18},"2":{"name":"(anonymous_2)","decl":{"start":{"line":25,"column":45},"end":{"line":25,"column":46}},"loc":{"start":{"line":25,"column":51},"end":{"line":25,"column":64}},"line":25},"3":{"name":"(anonymous_3)","decl":{"start":{"line":26,"column":52},"end":{"line":26,"column":53}},"loc":{"start":{"line":26,"column":58},"end":{"line":26,"column":75}},"line":26},"4":{"name":"(anonymous_4)","decl":{"start":{"line":27,"column":52},"end":{"line":27,"column":53}},"loc":{"start":{"line":27,"column":58},"end":{"line":27,"column":75}},"line":27},"5":{"name":"(anonymous_5)","decl":{"start":{"line":29,"column":52},"end":{"line":29,"column":53}},"loc":{"start":{"line":29,"column":58},"end":{"line":29,"column":78}},"line":29},"6":{"name":"(anonymous_6)","decl":{"start":{"line":30,"column":62},"end":{"line":30,"column":63}},"loc":{"start":{"line":30,"column":68},"end":{"line":30,"column":86}},"line":30},"7":{"name":"(anonymous_7)","decl":{"start":{"line":38,"column":30},"end":{"line":38,"column":31}},"loc":{"start":{"line":38,"column":37},"end":{"line":38,"column":67}},"line":38},"8":{"name":"(anonymous_8)","decl":{"start":{"line":45,"column":38},"end":{"line":45,"column":39}},"loc":{"start":{"line":46,"column":24},"end":{"line":51,"column":30}},"line":46}},"branchMap":{"0":{"loc":{"start":{"line":18,"column":8},"end":{"line":19,"column":71}},"type":"binary-expr","locations":[{"start":{"line":18,"column":8},"end":{"line":18,"column":67}},{"start":{"line":19,"column":8},"end":{"line":19,"column":71}}],"line":18},"1":{"loc":{"start":{"line":44,"column":17},"end":{"line":55,"column":17}},"type":"cond-expr","locations":[{"start":{"line":45,"column":20},"end":{"line":52,"column":22}},{"start":{"line":54,"column":20},"end":{"line":54,"column":65}}],"line":44}},"s":{"0":0,"1":0,"2":0,"3":0,"4":0,"5":0,"6":0,"7":0,"8":0,"9":0,"10":0,"11":0,"12":0},"f":{"0":0,"1":0,"2":0,"3":0,"4":0,"5":0,"6":0,"7":0,"8":0},"b":{"0":[0,0],"1":[0,0]},"_coverageSchema":"1a1c01bbd47fc00a2c39e90264f33305004495a9","hash":"c1a84e57c01b87ad5d50ad979bf3675a5116e3b0"}
,"C:\\Users\\sonik\\OneDrive\\Documents\\git_workspace\\Sportify\\src\\pages\\Forgotpass.js": {"path":"C:\\Users\\sonik\\OneDrive\\Documents\\git_workspace\\Sportify\\src\\pages\\Forgotpass.js","statementMap":{"0":{"start":{"line":6,"column":21},"end":{"line":6,"column":34}},"1":{"start":{"line":7,"column":30},"end":{"line":7,"column":42}},"2":{"start":{"line":9,"column":32},"end":{"line":13,"column":5}},"3":{"start":{"line":10,"column":8},"end":{"line":10,"column":27}},"4":{"start":{"line":11,"column":8},"end":{"line":11,"column":50}},"5":{"start":{"line":12,"column":8},"end":{"line":12,"column":66}},"6":{"start":{"line":15,"column":4},"end":{"line":54,"column":6}},"7":{"start":{"line":38,"column":45},"end":{"line":38,"column":69}},"8":{"start":{"line":43,"column":91},"end":{"line":43,"column":109}}},"fnMap":{"0":{"name":"Forgotpass","decl":{"start":{"line":5,"column":24},"end":{"line":5,"column":34}},"loc":{"start":{"line":5,"column":37},"end":{"line":55,"column":1}},"line":5},"1":{"name":"(anonymous_1)","decl":{"start":{"line":9,"column":32},"end":{"line":9,"column":33}},"loc":{"start":{"line":9,"column":39},"end":{"line":13,"column":5}},"line":9},"2":{"name":"(anonymous_2)","decl":{"start":{"line":38,"column":38},"end":{"line":38,"column":39}},"loc":{"start":{"line":38,"column":45},"end":{"line":38,"column":69}},"line":38},"3":{"name":"(anonymous_3)","decl":{"start":{"line":43,"column":85},"end":{"line":43,"column":86}},"loc":{"start":{"line":43,"column":91},"end":{"line":43,"column":109}},"line":43}},"branchMap":{},"s":{"0":6,"1":6,"2":6,"3":1,"4":1,"5":1,"6":6,"7":2,"8":1},"f":{"0":6,"1":1,"2":2,"3":1},"b":{},"_coverageSchema":"1a1c01bbd47fc00a2c39e90264f33305004495a9","hash":"a257243e906eb84c116af096d5757432a89f20db"}
,"C:\\Users\\sonik\\OneDrive\\Documents\\git_workspace\\Sportify\\src\\pages\\Home.js": {"path":"C:\\Users\\sonik\\OneDrive\\Documents\\git_workspace\\Sportify\\src\\pages\\Home.js","statementMap":{"0":{"start":{"line":6,"column":21},"end":{"line":6,"column":34}},"1":{"start":{"line":7,"column":4},"end":{"line":70,"column":6}},"2":{"start":{"line":29,"column":118},"end":{"line":29,"column":135}},"3":{"start":{"line":30,"column":118},"end":{"line":30,"column":135}},"4":{"start":{"line":32,"column":118},"end":{"line":32,"column":138}},"5":{"start":{"line":33,"column":128},"end":{"line":33,"column":146}}},"fnMap":{"0":{"name":"Home","decl":{"start":{"line":5,"column":24},"end":{"line":5,"column":28}},"loc":{"start":{"line":5,"column":31},"end":{"line":71,"column":1}},"line":5},"1":{"name":"(anonymous_1)","decl":{"start":{"line":29,"column":112},"end":{"line":29,"column":113}},"loc":{"start":{"line":29,"column":118},"end":{"line":29,"column":135}},"line":29},"2":{"name":"(anonymous_2)","decl":{"start":{"line":30,"column":112},"end":{"line":30,"column":113}},"loc":{"start":{"line":30,"column":118},"end":{"line":30,"column":135}},"line":30},"3":{"name":"(anonymous_3)","decl":{"start":{"line":32,"column":112},"end":{"line":32,"column":113}},"loc":{"start":{"line":32,"column":118},"end":{"line":32,"column":138}},"line":32},"4":{"name":"(anonymous_4)","decl":{"start":{"line":33,"column":122},"end":{"line":33,"column":123}},"loc":{"start":{"line":33,"column":128},"end":{"line":33,"column":146}},"line":33}},"branchMap":{},"s":{"0":0,"1":0,"2":0,"3":0,"4":0,"5":0},"f":{"0":0,"1":0,"2":0,"3":0,"4":0},"b":{},"_coverageSchema":"1a1c01bbd47fc00a2c39e90264f33305004495a9","hash":"0255262ffcd52f146aea4e9b2502826cb19e2cfb"}
,"C:\\Users\\sonik\\OneDrive\\Documents\\git_workspace\\Sportify\\src\\pages\\Login.js": {"path":"C:\\Users\\sonik\\OneDrive\\Documents\\git_workspace\\Sportify\\src\\pages\\Login.js","statementMap":{"0":{"start":{"line":8,"column":21},"end":{"line":8,"column":34}},"1":{"start":{"line":9,"column":36},"end":{"line":9,"column":73}},"2":{"start":{"line":10,"column":30},"end":{"line":10,"column":42}},"3":{"start":{"line":12,"column":25},"end":{"line":14,"column":5}},"4":{"start":{"line":13,"column":8},"end":{"line":13,"column":70}},"5":{"start":{"line":16,"column":25},"end":{"line":27,"column":5}},"6":{"start":{"line":17,"column":8},"end":{"line":17,"column":27}},"7":{"start":{"line":18,"column":23},"end":{"line":18,"column":73}},"8":{"start":{"line":20,"column":8},"end":{"line":26,"column":9}},"9":{"start":{"line":21,"column":12},"end":{"line":21,"column":35}},"10":{"start":{"line":23,"column":12},"end":{"line":23,"column":61}},"11":{"start":{"line":24,"column":12},"end":{"line":24,"column":39}},"12":{"start":{"line":25,"column":12},"end":{"line":25,"column":33}},"13":{"start":{"line":30,"column":4},"end":{"line":68,"column":6}},"14":{"start":{"line":54,"column":87},"end":{"line":54,"column":104}},"15":{"start":{"line":59,"column":59},"end":{"line":59,"column":80}},"16":{"start":{"line":62,"column":49},"end":{"line":62,"column":72}}},"fnMap":{"0":{"name":"Login","decl":{"start":{"line":7,"column":24},"end":{"line":7,"column":29}},"loc":{"start":{"line":7,"column":32},"end":{"line":69,"column":1}},"line":7},"1":{"name":"(anonymous_1)","decl":{"start":{"line":12,"column":25},"end":{"line":12,"column":26}},"loc":{"start":{"line":12,"column":32},"end":{"line":14,"column":5}},"line":12},"2":{"name":"(anonymous_2)","decl":{"start":{"line":16,"column":25},"end":{"line":16,"column":26}},"loc":{"start":{"line":16,"column":38},"end":{"line":27,"column":5}},"line":16},"3":{"name":"(anonymous_3)","decl":{"start":{"line":54,"column":81},"end":{"line":54,"column":82}},"loc":{"start":{"line":54,"column":87},"end":{"line":54,"column":104}},"line":54},"4":{"name":"(anonymous_4)","decl":{"start":{"line":59,"column":53},"end":{"line":59,"column":54}},"loc":{"start":{"line":59,"column":59},"end":{"line":59,"column":80}},"line":59},"5":{"name":"(anonymous_5)","decl":{"start":{"line":62,"column":43},"end":{"line":62,"column":44}},"loc":{"start":{"line":62,"column":49},"end":{"line":62,"column":72}},"line":62}},"branchMap":{"0":{"loc":{"start":{"line":20,"column":8},"end":{"line":26,"column":9}},"type":"if","locations":[{"start":{"line":20,"column":8},"end":{"line":26,"column":9}},{"start":{"line":22,"column":15},"end":{"line":26,"column":9}}],"line":20},"1":{"loc":{"start":{"line":46,"column":25},"end":{"line":46,"column":66}},"type":"binary-expr","locations":[{"start":{"line":46,"column":25},"end":{"line":46,"column":30}},{"start":{"line":46,"column":34},"end":{"line":46,"column":66}}],"line":46}},"s":{"0":7,"1":7,"2":7,"3":7,"4":2,"5":7,"6":0,"7":0,"8":0,"9":0,"10":0,"11":0,"12":0,"13":7,"14":1,"15":1,"16":1},"f":{"0":7,"1":2,"2":0,"3":1,"4":1,"5":1},"b":{"0":[0,0],"1":[7,0]},"_coverageSchema":"1a1c01bbd47fc00a2c39e90264f33305004495a9","hash":"f949733694ff5b82231cd3d2f719327a1c8e7da4"}
,"C:\\Users\\sonik\\OneDrive\\Documents\\git_workspace\\Sportify\\src\\pages\\Main.js": {"path":"C:\\Users\\sonik\\OneDrive\\Documents\\git_workspace\\Sportify\\src\\pages\\Main.js","statementMap":{"0":{"start":{"line":6,"column":19},"end":{"line":6,"column":32}},"1":{"start":{"line":8,"column":2},"end":{"line":56,"column":4}},"2":{"start":{"line":31,"column":108},"end":{"line":31,"column":125}},"3":{"start":{"line":33,"column":118},"end":{"line":33,"column":136}},"4":{"start":{"line":34,"column":118},"end":{"line":34,"column":139}},"5":{"start":{"line":50,"column":95},"end":{"line":50,"column":116}}},"fnMap":{"0":{"name":"Main","decl":{"start":{"line":5,"column":24},"end":{"line":5,"column":28}},"loc":{"start":{"line":5,"column":31},"end":{"line":58,"column":1}},"line":5},"1":{"name":"(anonymous_1)","decl":{"start":{"line":31,"column":102},"end":{"line":31,"column":103}},"loc":{"start":{"line":31,"column":108},"end":{"line":31,"column":125}},"line":31},"2":{"name":"(anonymous_2)","decl":{"start":{"line":33,"column":112},"end":{"line":33,"column":113}},"loc":{"start":{"line":33,"column":118},"end":{"line":33,"column":136}},"line":33},"3":{"name":"(anonymous_3)","decl":{"start":{"line":34,"column":112},"end":{"line":34,"column":113}},"loc":{"start":{"line":34,"column":118},"end":{"line":34,"column":139}},"line":34},"4":{"name":"(anonymous_4)","decl":{"start":{"line":50,"column":89},"end":{"line":50,"column":90}},"loc":{"start":{"line":50,"column":95},"end":{"line":50,"column":116}},"line":50}},"branchMap":{},"s":{"0":6,"1":6,"2":1,"3":1,"4":2,"5":0},"f":{"0":6,"1":1,"2":1,"3":2,"4":0},"b":{},"_coverageSchema":"1a1c01bbd47fc00a2c39e90264f33305004495a9","hash":"a96a21297ee1a67618d98665d9d85dfabb683e9d"}
,"C:\\Users\\sonik\\OneDrive\\Documents\\git_workspace\\Sportify\\src\\pages\\Profile.js": {"path":"C:\\Users\\sonik\\OneDrive\\Documents\\git_workspace\\Sportify\\src\\pages\\Profile.js","statementMap":{"0":{"start":{"line":7,"column":21},"end":{"line":7,"column":34}},"1":{"start":{"line":8,"column":36},"end":{"line":15,"column":6}},"2":{"start":{"line":17,"column":44},"end":{"line":17,"column":59}},"3":{"start":{"line":18,"column":30},"end":{"line":18,"column":42}},"4":{"start":{"line":19,"column":34},"end":{"line":19,"column":49}},"5":{"start":{"line":21,"column":26},"end":{"line":21,"column":95}},"6":{"start":{"line":24,"column":25},"end":{"line":27,"column":5}},"7":{"start":{"line":25,"column":32},"end":{"line":25,"column":40}},"8":{"start":{"line":26,"column":8},"end":{"line":26,"column":86}},"9":{"start":{"line":30,"column":31},"end":{"line":36,"column":5}},"10":{"start":{"line":31,"column":30},"end":{"line":33,"column":51}},"11":{"start":{"line":32,"column":54},"end":{"line":32,"column":65}},"12":{"start":{"line":35,"column":8},"end":{"line":35,"column":70}},"13":{"start":{"line":39,"column":25},"end":{"line":54,"column":5}},"14":{"start":{"line":40,"column":8},"end":{"line":40,"column":27}},"15":{"start":{"line":41,"column":8},"end":{"line":41,"column":21}},"16":{"start":{"line":42,"column":8},"end":{"line":42,"column":25}},"17":{"start":{"line":44,"column":23},"end":{"line":44,"column":52}},"18":{"start":{"line":46,"column":8},"end":{"line":46,"column":26}},"19":{"start":{"line":48,"column":8},"end":{"line":53,"column":9}},"20":{"start":{"line":49,"column":12},"end":{"line":49,"column":35}},"21":{"start":{"line":51,"column":12},"end":{"line":51,"column":51}},"22":{"start":{"line":52,"column":12},"end":{"line":52,"column":30}},"23":{"start":{"line":56,"column":4},"end":{"line":156,"column":6}},"24":{"start":{"line":129,"column":47},"end":{"line":129,"column":77}},"25":{"start":{"line":136,"column":40},"end":{"line":143,"column":48}},"26":{"start":{"line":140,"column":64},"end":{"line":140,"column":89}}},"fnMap":{"0":{"name":"Profile","decl":{"start":{"line":6,"column":24},"end":{"line":6,"column":31}},"loc":{"start":{"line":6,"column":34},"end":{"line":157,"column":1}},"line":6},"1":{"name":"(anonymous_1)","decl":{"start":{"line":24,"column":25},"end":{"line":24,"column":26}},"loc":{"start":{"line":24,"column":32},"end":{"line":27,"column":5}},"line":24},"2":{"name":"(anonymous_2)","decl":{"start":{"line":30,"column":31},"end":{"line":30,"column":32}},"loc":{"start":{"line":30,"column":42},"end":{"line":36,"column":5}},"line":30},"3":{"name":"(anonymous_3)","decl":{"start":{"line":32,"column":47},"end":{"line":32,"column":48}},"loc":{"start":{"line":32,"column":54},"end":{"line":32,"column":65}},"line":32},"4":{"name":"(anonymous_4)","decl":{"start":{"line":39,"column":25},"end":{"line":39,"column":26}},"loc":{"start":{"line":39,"column":38},"end":{"line":54,"column":5}},"line":39},"5":{"name":"(anonymous_5)","decl":{"start":{"line":129,"column":41},"end":{"line":129,"column":42}},"loc":{"start":{"line":129,"column":47},"end":{"line":129,"column":77}},"line":129},"6":{"name":"(anonymous_6)","decl":{"start":{"line":135,"column":55},"end":{"line":135,"column":56}},"loc":{"start":{"line":136,"column":40},"end":{"line":143,"column":48}},"line":136},"7":{"name":"(anonymous_7)","decl":{"start":{"line":140,"column":58},"end":{"line":140,"column":59}},"loc":{"start":{"line":140,"column":64},"end":{"line":140,"column":89}},"line":140}},"branchMap":{"0":{"loc":{"start":{"line":26,"column":43},"end":{"line":26,"column":81}},"type":"cond-expr","locations":[{"start":{"line":26,"column":60},"end":{"line":26,"column":73}},{"start":{"line":26,"column":76},"end":{"line":26,"column":81}}],"line":26},"1":{"loc":{"start":{"line":31,"column":30},"end":{"line":33,"column":51}},"type":"cond-expr","locations":[{"start":{"line":32,"column":14},"end":{"line":32,"column":66}},{"start":{"line":33,"column":14},"end":{"line":33,"column":51}}],"line":31},"2":{"loc":{"start":{"line":48,"column":8},"end":{"line":53,"column":9}},"type":"if","locations":[{"start":{"line":48,"column":8},"end":{"line":53,"column":9}},{"start":{"line":50,"column":15},"end":{"line":53,"column":9}}],"line":48},"3":{"loc":{"start":{"line":74,"column":25},"end":{"line":74,"column":112}},"type":"binary-expr","locations":[{"start":{"line":74,"column":25},"end":{"line":74,"column":30}},{"start":{"line":74,"column":34},"end":{"line":74,"column":112}}],"line":74},"4":{"loc":{"start":{"line":133,"column":29},"end":{"line":146,"column":29}},"type":"binary-expr","locations":[{"start":{"line":133,"column":29},"end":{"line":133,"column":41}},{"start":{"line":134,"column":32},"end":{"line":145,"column":38}}],"line":133},"5":{"loc":{"start":{"line":150,"column":29},"end":{"line":150,"column":65}},"type":"cond-expr","locations":[{"start":{"line":150,"column":39},"end":{"line":150,"column":50}},{"start":{"line":150,"column":53},"end":{"line":150,"column":65}}],"line":150}},"s":{"0":15,"1":15,"2":15,"3":15,"4":15,"5":15,"6":15,"7":4,"8":4,"9":15,"10":2,"11":1,"12":2,"13":15,"14":0,"15":0,"16":0,"17":0,"18":0,"19":0,"20":0,"21":0,"22":0,"23":15,"24":3,"25":24,"26":2},"f":{"0":15,"1":4,"2":2,"3":1,"4":0,"5":3,"6":24,"7":2},"b":{"0":[1,3],"1":[1,1],"2":[0,0],"3":[15,0],"4":[15,4],"5":[0,15]},"_coverageSchema":"1a1c01bbd47fc00a2c39e90264f33305004495a9","hash":"cc7e6933403a866d6f83f9f473a274bd9d5a461e"}
,"C:\\Users\\sonik\\OneDrive\\Documents\\git_workspace\\Sportify\\src\\pages\\Register.js": {"path":"C:\\Users\\sonik\\OneDrive\\Documents\\git_workspace\\Sportify\\src\\pages\\Register.js","statementMap":{"0":{"start":{"line":6,"column":19},"end":{"line":6,"column":32}},"1":{"start":{"line":7,"column":28},"end":{"line":7,"column":40}},"2":{"start":{"line":8,"column":34},"end":{"line":8,"column":46}},"3":{"start":{"line":9,"column":48},"end":{"line":9,"column":60}},"4":{"start":{"line":10,"column":38},"end":{"line":10,"column":50}},"5":{"start":{"line":11,"column":44},"end":{"line":11,"column":56}},"6":{"start":{"line":12,"column":58},"end":{"line":12,"column":70}},"7":{"start":{"line":13,"column":34},"end":{"line":13,"column":46}},"8":{"start":{"line":15,"column":24},"end":{"line":15,"column":97}},"9":{"start":{"line":15,"column":35},"end":{"line":15,"column":97}},"10":{"start":{"line":16,"column":27},"end":{"line":17,"column":91}},"11":{"start":{"line":17,"column":6},"end":{"line":17,"column":91}},"12":{"start":{"line":19,"column":28},"end":{"line":23,"column":3}},"13":{"start":{"line":20,"column":21},"end":{"line":20,"column":35}},"14":{"start":{"line":21,"column":4},"end":{"line":21,"column":23}},"15":{"start":{"line":22,"column":4},"end":{"line":22,"column":88}},"16":{"start":{"line":25,"column":31},"end":{"line":33,"column":3}},"17":{"start":{"line":26,"column":24},"end":{"line":26,"column":38}},"18":{"start":{"line":27,"column":4},"end":{"line":27,"column":29}},"19":{"start":{"line":28,"column":4},"end":{"line":32,"column":6}},"20":{"start":{"line":35,"column":38},"end":{"line":39,"column":3}},"21":{"start":{"line":36,"column":31},"end":{"line":36,"column":45}},"22":{"start":{"line":37,"column":4},"end":{"line":37,"column":43}},"23":{"start":{"line":38,"column":4},"end":{"line":38,"column":94}},"24":{"start":{"line":41,"column":23},"end":{"line":55,"column":3}},"25":{"start":{"line":42,"column":4},"end":{"line":42,"column":23}},"26":{"start":{"line":44,"column":4},"end":{"line":46,"column":5}},"27":{"start":{"line":45,"column":6},"end":{"line":45,"column":13}},"28":{"start":{"line":48,"column":19},"end":{"line":48,"column":52}},"29":{"start":{"line":49,"column":4},"end":{"line":54,"column":5}},"30":{"start":{"line":50,"column":6},"end":{"line":50,"column":32}},"31":{"start":{"line":52,"column":6},"end":{"line":52,"column":56}},"32":{"start":{"line":53,"column":6},"end":{"line":53,"column":27}},"33":{"start":{"line":57,"column":2},"end":{"line":162,"column":4}}},"fnMap":{"0":{"name":"Register","decl":{"start":{"line":5,"column":24},"end":{"line":5,"column":32}},"loc":{"start":{"line":5,"column":35},"end":{"line":163,"column":1}},"line":5},"1":{"name":"(anonymous_1)","decl":{"start":{"line":15,"column":24},"end":{"line":15,"column":25}},"loc":{"start":{"line":15,"column":35},"end":{"line":15,"column":97}},"line":15},"2":{"name":"(anonymous_2)","decl":{"start":{"line":16,"column":27},"end":{"line":16,"column":28}},"loc":{"start":{"line":17,"column":6},"end":{"line":17,"column":91}},"line":17},"3":{"name":"(anonymous_3)","decl":{"start":{"line":19,"column":28},"end":{"line":19,"column":29}},"loc":{"start":{"line":19,"column":35},"end":{"line":23,"column":3}},"line":19},"4":{"name":"(anonymous_4)","decl":{"start":{"line":25,"column":31},"end":{"line":25,"column":32}},"loc":{"start":{"line":25,"column":38},"end":{"line":33,"column":3}},"line":25},"5":{"name":"(anonymous_5)","decl":{"start":{"line":35,"column":38},"end":{"line":35,"column":39}},"loc":{"start":{"line":35,"column":45},"end":{"line":39,"column":3}},"line":35},"6":{"name":"(anonymous_6)","decl":{"start":{"line":41,"column":23},"end":{"line":41,"column":24}},"loc":{"start":{"line":41,"column":36},"end":{"line":55,"column":3}},"line":41}},"branchMap":{"0":{"loc":{"start":{"line":22,"column":18},"end":{"line":22,"column":86}},"type":"cond-expr","locations":[{"start":{"line":22,"column":44},"end":{"line":22,"column":46}},{"start":{"line":22,"column":49},"end":{"line":22,"column":86}}],"line":22},"1":{"loc":{"start":{"line":29,"column":8},"end":{"line":31,"column":116}},"type":"cond-expr","locations":[{"start":{"line":30,"column":14},"end":{"line":30,"column":16}},{"start":{"line":31,"column":14},"end":{"line":31,"column":116}}],"line":29},"2":{"loc":{"start":{"line":38,"column":28},"end":{"line":38,"column":92}},"type":"cond-expr","locations":[{"start":{"line":38,"column":62},"end":{"line":38,"column":87}},{"start":{"line":38,"column":90},"end":{"line":38,"column":92}}],"line":38},"3":{"loc":{"start":{"line":44,"column":4},"end":{"line":46,"column":5}},"type":"if","locations":[{"start":{"line":44,"column":4},"end":{"line":46,"column":5}},{"start":{},"end":{}}],"line":44},"4":{"loc":{"start":{"line":44,"column":8},"end":{"line":44,"column":102}},"type":"binary-expr","locations":[{"start":{"line":44,"column":8},"end":{"line":44,"column":14}},{"start":{"line":44,"column":18},"end":{"line":44,"column":28}},{"start":{"line":44,"column":32},"end":{"line":44,"column":41}},{"start":{"line":44,"column":45},"end":{"line":44,"column":58}},{"start":{"line":44,"column":62},"end":{"line":44,"column":78}},{"start":{"line":44,"column":82},"end":{"line":44,"column":102}}],"line":44},"5":{"loc":{"start":{"line":49,"column":4},"end":{"line":54,"column":5}},"type":"if","locations":[{"start":{"line":49,"column":4},"end":{"line":54,"column":5}},{"start":{"line":51,"column":11},"end":{"line":54,"column":5}}],"line":49},"6":{"loc":{"start":{"line":99,"column":13},"end":{"line":99,"column":106}},"type":"binary-expr","locations":[{"start":{"line":99,"column":13},"end":{"line":99,"column":21}},{"start":{"line":99,"column":25},"end":{"line":99,"column":106}}],"line":99},"7":{"loc":{"start":{"line":111,"column":15},"end":{"line":111,"column":91}},"type":"binary-expr","locations":[{"start":{"line":111,"column":15},"end":{"line":111,"column":25}},{"start":{"line":111,"column":29},"end":{"line":111,"column":91}}],"line":111},"8":{"loc":{"start":{"line":122,"column":15},"end":{"line":122,"column":97}},"type":"binary-expr","locations":[{"start":{"line":122,"column":15},"end":{"line":122,"column":28}},{"start":{"line":122,"column":32},"end":{"line":122,"column":97}}],"line":122},"9":{"loc":{"start":{"line":133,"column":15},"end":{"line":133,"column":111}},"type":"binary-expr","locations":[{"start":{"line":133,"column":15},"end":{"line":133,"column":35}},{"start":{"line":133,"column":39},"end":{"line":133,"column":111}}],"line":133},"10":{"loc":{"start":{"line":138,"column":28},"end":{"line":138,"column":79}},"type":"binary-expr","locations":[{"start":{"line":138,"column":28},"end":{"line":138,"column":38}},{"start":{"line":138,"column":42},"end":{"line":138,"column":55}},{"start":{"line":138,"column":59},"end":{"line":138,"column":79}}],"line":138},"11":{"loc":{"start":{"line":143,"column":37},"end":{"line":143,"column":107}},"type":"cond-expr","locations":[{"start":{"line":143,"column":91},"end":{"line":143,"column":97}},{"start":{"line":143,"column":100},"end":{"line":143,"column":107}}],"line":143},"12":{"loc":{"start":{"line":143,"column":37},"end":{"line":143,"column":88}},"type":"binary-expr","locations":[{"start":{"line":143,"column":37},"end":{"line":143,"column":47}},{"start":{"line":143,"column":51},"end":{"line":143,"column":64}},{"start":{"line":143,"column":68},"end":{"line":143,"column":88}}],"line":143},"13":{"loc":{"start":{"line":145,"column":28},"end":{"line":145,"column":107}},"type":"cond-expr","locations":[{"start":{"line":145,"column":82},"end":{"line":145,"column":95}},{"start":{"line":145,"column":98},"end":{"line":145,"column":107}}],"line":145},"14":{"loc":{"start":{"line":145,"column":28},"end":{"line":145,"column":79}},"type":"binary-expr","locations":[{"start":{"line":145,"column":28},"end":{"line":145,"column":38}},{"start":{"line":145,"column":42},"end":{"line":145,"column":55}},{"start":{"line":145,"column":59},"end":{"line":145,"column":79}}],"line":145}},"s":{"0":14,"1":14,"2":14,"3":14,"4":14,"5":14,"6":14,"7":14,"8":14,"9":3,"10":14,"11":3,"12":14,"13":3,"14":3,"15":3,"16":14,"17":3,"18":3,"19":3,"20":14,"21":3,"22":3,"23":3,"24":14,"25":1,"26":1,"27":0,"28":1,"29":0,"30":0,"31":0,"32":0,"33":14},"f":{"0":14,"1":3,"2":3,"3":3,"4":3,"5":3,"6":1},"b":{"0":[2,1],"1":[2,1],"2":[1,2],"3":[0,1],"4":[1,1,1,1,1,1],"5":[0,0],"6":[14,0],"7":[14,1],"8":[14,1],"9":[14,1],"10":[14,13,12],"11":[3,11],"12":[14,13,12],"13":[3,11],"14":[14,13,12]},"_coverageSchema":"1a1c01bbd47fc00a2c39e90264f33305004495a9","hash":"f865e412778bb8d7ee5ff26655ba2da5e58536bb"}
}
