TN:
SF:src\App.js
FN:12,App
FNF:1
FNH:1
FNDA:1,App
DA:13,1
LF:1
LH:1
BRF:0
BRH:0
end_of_record
TN:
SF:src\api.js
FN:6,(anonymous_0)
FN:17,(anonymous_1)
FN:27,(anonymous_2)
FNF:3
FNH:1
FNDA:1,(anonymous_0)
FNDA:0,(anonymous_1)
FNDA:0,(anonymous_2)
DA:3,4
DA:6,4
DA:7,1
DA:8,1
DA:10,0
DA:12,0
DA:17,4
DA:18,0
DA:19,0
DA:20,0
DA:22,0
DA:27,4
DA:28,0
DA:29,0
DA:31,0
DA:33,0
LF:16
LH:6
BRDA:12,0,0,0
BRDA:12,0,1,0
BRDA:22,1,0,0
BRDA:22,1,1,0
BRDA:33,2,0,0
BRDA:33,2,1,0
BRF:6
BRH:0
end_of_record
TN:
SF:src\pages\FindTeams.js
FN:5,FindTeams
FN:17,(anonymous_1)
FN:25,(anonymous_2)
FN:26,(anonymous_3)
FN:27,(anonymous_4)
FN:29,(anonymous_5)
FN:30,(anonymous_6)
FN:38,(anonymous_7)
FN:45,(anonymous_8)
FNF:9
FNH:0
FNDA:0,FindTeams
FNDA:0,(anonymous_1)
FNDA:0,(anonymous_2)
FNDA:0,(anonymous_3)
FNDA:0,(anonymous_4)
FNDA:0,(anonymous_5)
FNDA:0,(anonymous_6)
FNDA:0,(anonymous_7)
FNDA:0,(anonymous_8)
DA:6,0
DA:7,0
DA:9,0
DA:17,0
DA:18,0
DA:22,0
DA:25,0
DA:26,0
DA:27,0
DA:29,0
DA:30,0
DA:38,0
DA:46,0
LF:13
LH:0
BRDA:18,0,0,0
BRDA:18,0,1,0
BRDA:44,1,0,0
BRDA:44,1,1,0
BRF:4
BRH:0
end_of_record
TN:
SF:src\pages\Forgotpass.js
FN:5,Forgotpass
FN:9,(anonymous_1)
FN:38,(anonymous_2)
FN:43,(anonymous_3)
FNF:4
FNH:4
FNDA:6,Forgotpass
FNDA:1,(anonymous_1)
FNDA:2,(anonymous_2)
FNDA:1,(anonymous_3)
DA:6,6
DA:7,6
DA:9,6
DA:10,1
DA:11,1
DA:12,1
DA:15,6
DA:38,2
DA:43,1
LF:9
LH:9
BRF:0
BRH:0
end_of_record
TN:
SF:src\pages\Home.js
FN:5,Home
FN:29,(anonymous_1)
FN:30,(anonymous_2)
FN:32,(anonymous_3)
FN:33,(anonymous_4)
FNF:5
FNH:0
FNDA:0,Home
FNDA:0,(anonymous_1)
FNDA:0,(anonymous_2)
FNDA:0,(anonymous_3)
FNDA:0,(anonymous_4)
DA:6,0
DA:7,0
DA:29,0
DA:30,0
DA:32,0
DA:33,0
LF:6
LH:0
BRF:0
BRH:0
end_of_record
TN:
SF:src\pages\Login.js
FN:7,Login
FN:12,(anonymous_1)
FN:16,(anonymous_2)
FN:54,(anonymous_3)
FN:59,(anonymous_4)
FN:62,(anonymous_5)
FNF:6
FNH:5
FNDA:7,Login
FNDA:2,(anonymous_1)
FNDA:0,(anonymous_2)
FNDA:1,(anonymous_3)
FNDA:1,(anonymous_4)
FNDA:1,(anonymous_5)
DA:8,7
DA:9,7
DA:10,7
DA:12,7
DA:13,2
DA:16,7
DA:17,0
DA:18,0
DA:20,0
DA:21,0
DA:23,0
DA:24,0
DA:25,0
DA:30,7
DA:54,1
DA:59,1
DA:62,1
LF:17
LH:10
BRDA:20,0,0,0
BRDA:20,0,1,0
BRDA:46,1,0,7
BRDA:46,1,1,0
BRF:4
BRH:1
end_of_record
TN:
SF:src\pages\Main.js
FN:5,Main
FN:31,(anonymous_1)
FN:33,(anonymous_2)
FN:34,(anonymous_3)
FN:50,(anonymous_4)
FNF:5
FNH:4
FNDA:6,Main
FNDA:1,(anonymous_1)
FNDA:1,(anonymous_2)
FNDA:2,(anonymous_3)
FNDA:0,(anonymous_4)
DA:6,6
DA:8,6
DA:31,1
DA:33,1
DA:34,2
DA:50,0
LF:6
LH:5
BRF:0
BRH:0
end_of_record
TN:
SF:src\pages\Profile.js
FN:6,Profile
FN:24,(anonymous_1)
FN:30,(anonymous_2)
FN:32,(anonymous_3)
FN:39,(anonymous_4)
FN:129,(anonymous_5)
FN:135,(anonymous_6)
FN:140,(anonymous_7)
FNF:8
FNH:7
FNDA:15,Profile
FNDA:4,(anonymous_1)
FNDA:2,(anonymous_2)
FNDA:1,(anonymous_3)
FNDA:0,(anonymous_4)
FNDA:3,(anonymous_5)
FNDA:24,(anonymous_6)
FNDA:2,(anonymous_7)
DA:7,15
DA:8,15
DA:17,15
DA:18,15
DA:19,15
DA:21,15
DA:24,15
DA:25,4
DA:26,4
DA:30,15
DA:31,2
DA:32,1
DA:35,2
DA:39,15
DA:40,0
DA:41,0
DA:42,0
DA:44,0
DA:46,0
DA:48,0
DA:49,0
DA:51,0
DA:52,0
DA:56,15
DA:129,3
DA:136,24
DA:140,2
LF:27
LH:18
BRDA:26,0,0,1
BRDA:26,0,1,3
BRDA:31,1,0,1
BRDA:31,1,1,1
BRDA:48,2,0,0
BRDA:48,2,1,0
BRDA:74,3,0,15
BRDA:74,3,1,0
BRDA:133,4,0,15
BRDA:133,4,1,4
BRDA:150,5,0,0
BRDA:150,5,1,15
BRF:12
BRH:8
end_of_record
TN:
SF:src\pages\Register.js
FN:5,Register
FN:15,(anonymous_1)
FN:16,(anonymous_2)
FN:19,(anonymous_3)
FN:25,(anonymous_4)
FN:35,(anonymous_5)
FN:41,(anonymous_6)
FNF:7
FNH:7
FNDA:14,Register
FNDA:3,(anonymous_1)
FNDA:3,(anonymous_2)
FNDA:3,(anonymous_3)
FNDA:3,(anonymous_4)
FNDA:3,(anonymous_5)
FNDA:1,(anonymous_6)
DA:6,14
DA:7,14
DA:8,14
DA:9,14
DA:10,14
DA:11,14
DA:12,14
DA:13,14
DA:15,14
DA:16,14
DA:17,3
DA:19,14
DA:20,3
DA:21,3
DA:22,3
DA:25,14
DA:26,3
DA:27,3
DA:28,3
DA:35,14
DA:36,3
DA:37,3
DA:38,3
DA:41,14
DA:42,1
DA:44,1
DA:45,0
DA:48,1
DA:49,0
DA:50,0
DA:52,0
DA:53,0
DA:57,14
LF:33
LH:28
BRDA:22,0,0,2
BRDA:22,0,1,1
BRDA:29,1,0,2
BRDA:29,1,1,1
BRDA:38,2,0,1
BRDA:38,2,1,2
BRDA:44,3,0,0
BRDA:44,3,1,1
BRDA:44,4,0,1
BRDA:44,4,1,1
BRDA:44,4,2,1
BRDA:44,4,3,1
BRDA:44,4,4,1
BRDA:44,4,5,1
BRDA:49,5,0,0
BRDA:49,5,1,0
BRDA:99,6,0,14
BRDA:99,6,1,0
BRDA:111,7,0,14
BRDA:111,7,1,1
BRDA:122,8,0,14
BRDA:122,8,1,1
BRDA:133,9,0,14
BRDA:133,9,1,1
BRDA:138,10,0,14
BRDA:138,10,1,13
BRDA:138,10,2,12
BRDA:143,11,0,3
BRDA:143,11,1,11
BRDA:143,12,0,14
BRDA:143,12,1,13
BRDA:143,12,2,12
BRDA:145,13,0,3
BRDA:145,13,1,11
BRDA:145,14,0,14
BRDA:145,14,1,13
BRDA:145,14,2,12
BRF:37
BRH:33
end_of_record
