TN:
SF:src\App.js
FN:12,App
FNF:1
FNH:1
FNDA:1,App
DA:13,1
LF:1
LH:1
BRF:0
BRH:0
end_of_record
TN:
SF:src\pages\Forgotpass.js
FN:5,Forgotpass
FN:9,(anonymous_1)
FN:38,(anonymous_2)
FN:43,(anonymous_3)
FNF:4
FNH:4
FNDA:6,Forgotpass
FNDA:1,(anonymous_1)
FNDA:2,(anonymous_2)
FNDA:1,(anonymous_3)
DA:6,6
DA:7,6
DA:9,6
DA:10,1
DA:11,1
DA:12,1
DA:15,6
DA:38,2
DA:43,1
LF:9
LH:9
BRF:0
BRH:0
end_of_record
TN:
SF:src\pages\Home.js
FN:5,Home
FN:29,(anonymous_1)
FN:32,(anonymous_2)
FN:33,(anonymous_3)
FNF:4
FNH:0
FNDA:0,Home
FNDA:0,(anonymous_1)
FNDA:0,(anonymous_2)
FNDA:0,(anonymous_3)
DA:6,0
DA:7,0
DA:29,0
DA:32,0
DA:33,0
LF:5
LH:0
BRF:0
BRH:0
end_of_record
TN:
SF:src\pages\Login.js
FN:5,Login
FN:31,(anonymous_1)
FN:36,(anonymous_2)
FN:39,(anonymous_3)
FNF:4
FNH:4
FNDA:5,Login
FNDA:1,(anonymous_1)
FNDA:1,(anonymous_2)
FNDA:1,(anonymous_3)
DA:6,5
DA:8,5
DA:31,1
DA:36,1
DA:39,1
LF:5
LH:5
BRF:0
BRH:0
end_of_record
TN:
SF:src\pages\Main.js
FN:5,Main
FN:31,(anonymous_1)
FN:33,(anonymous_2)
FN:34,(anonymous_3)
FN:50,(anonymous_4)
FNF:5
FNH:4
FNDA:6,Main
FNDA:1,(anonymous_1)
FNDA:1,(anonymous_2)
FNDA:2,(anonymous_3)
FNDA:0,(anonymous_4)
DA:6,6
DA:8,6
DA:31,1
DA:33,1
DA:34,2
DA:50,0
LF:6
LH:5
BRF:0
BRH:0
end_of_record
TN:
SF:src\pages\Profile.js
FN:6,Profile
FN:21,(anonymous_1)
FN:27,(anonymous_2)
FN:29,(anonymous_3)
FN:36,(anonymous_4)
FN:103,(anonymous_5)
FN:109,(anonymous_6)
FN:114,(anonymous_7)
FN:125,(anonymous_8)
FNF:9
FNH:8
FNDA:15,Profile
FNDA:4,(anonymous_1)
FNDA:2,(anonymous_2)
FNDA:1,(anonymous_3)
FNDA:0,(anonymous_4)
FNDA:3,(anonymous_5)
FNDA:24,(anonymous_6)
FNDA:2,(anonymous_7)
FNDA:1,(anonymous_8)
DA:7,15
DA:8,15
DA:16,15
DA:18,15
DA:21,15
DA:22,4
DA:23,4
DA:27,15
DA:28,2
DA:29,1
DA:32,2
DA:36,15
DA:37,0
DA:38,0
DA:39,0
DA:42,15
DA:103,3
DA:110,24
DA:114,2
DA:125,1
LF:20
LH:17
BRDA:28,0,0,1
BRDA:28,0,1,1
BRDA:107,1,0,15
BRDA:107,1,1,4
BRF:4
BRH:4
end_of_record
TN:
SF:src\pages\Register.js
FN:4,Register
FN:13,(anonymous_1)
FN:17,(anonymous_2)
FN:28,(anonymous_3)
FN:33,(anonymous_4)
FN:47,(anonymous_5)
FN:129,(anonymous_6)
FNF:7
FNH:7
FNDA:15,Register
FNDA:3,(anonymous_1)
FNDA:3,(anonymous_2)
FNDA:4,(anonymous_3)
FNDA:4,(anonymous_4)
FNDA:3,(anonymous_5)
FNDA:1,(anonymous_6)
DA:5,15
DA:6,15
DA:7,15
DA:8,15
DA:9,15
DA:10,15
DA:11,15
DA:13,15
DA:14,3
DA:15,3
DA:17,15
DA:18,3
DA:19,3
DA:22,3
DA:23,1
DA:25,2
DA:28,15
DA:30,4
DA:31,4
DA:33,15
DA:34,4
DA:35,4
DA:37,4
DA:38,1
DA:42,3
DA:47,15
DA:48,3
DA:49,3
DA:51,3
DA:52,1
DA:54,2
DA:58,15
DA:61,15
DA:129,1
LF:34
LH:34
BRDA:22,0,0,1
BRDA:22,0,1,2
BRDA:37,1,0,1
BRDA:37,1,1,3
BRDA:51,2,0,1
BRDA:51,2,1,2
BRDA:58,3,0,15
BRDA:58,3,1,5
BRDA:58,3,2,4
BRDA:58,3,3,2
BRDA:58,3,4,2
BRDA:58,3,5,1
BRDA:96,4,0,15
BRDA:96,4,1,1
BRDA:112,5,0,15
BRDA:112,5,1,1
BRDA:124,6,0,15
BRDA:124,6,1,1
BRF:18
BRH:18
end_of_record
